<?xml version="1.0" encoding="UTF-8"?>
<testng-results skipped="0" failed="2" ignored="0" total="2" passed="0">
  <reporter-output>
  </reporter-output>
  <suite name="Default suite" duration-ms="12556" started-at="2019-10-12T21:56:09 EDT" finished-at="2019-10-12T21:56:21 EDT">
    <groups>
    </groups>
    <test name="Default test" duration-ms="12556" started-at="2019-10-12T21:56:09 EDT" finished-at="2019-10-12T21:56:21 EDT">
      <class name="functionaltests.FindMyNextElectionPageEnterAddress">
        <test-method status="PASS" signature="setUp()[pri:0, instance:functionaltests.FindMyNextElectionPageEnterAddress@3234e239]" name="setUp" is-config="true" duration-ms="10592" started-at="2019-10-12T21:56:09 EDT" finished-at="2019-10-12T21:56:19 EDT">
          <reporter-output>
          </reporter-output>
        </test-method> <!-- setUp -->
        <test-method status="PASS" signature="gofindMyNextElectionPage()[pri:0, instance:functionaltests.FindMyNextElectionPageEnterAddress@3234e239]" name="gofindMyNextElectionPage" is-config="true" duration-ms="161" started-at="2019-10-12T21:56:19 EDT" finished-at="2019-10-12T21:56:20 EDT">
          <reporter-output>
          </reporter-output>
        </test-method> <!-- gofindMyNextElectionPage -->
        <test-method status="FAIL" signature="fillInStreetFieldWithValidData(java.lang.String, java.lang.String, java.lang.String, java.lang.String, java.lang.String)[pri:0, instance:functionaltests.FindMyNextElectionPageEnterAddress@3234e239]" name="fillInStreetFieldWithValidData" duration-ms="3" started-at="2019-10-12T21:56:20 EDT" data-provider="statedropdownlist2" finished-at="2019-10-12T21:56:20 EDT">
          <params>
            <param index="0">
              <value>
                <![CDATA[323 18th Street]]>
              </value>
            </param>
            <param index="1">
              <value>
                <![CDATA[Floor 3]]>
              </value>
            </param>
            <param index="2">
              <value>
                <![CDATA[Brooklyn]]>
              </value>
            </param>
            <param index="3">
              <value>
                <![CDATA[NY]]>
              </value>
            </param>
            <param index="4">
              <value>
                <![CDATA[11215-6112]]>
              </value>
            </param>
          </params>
          <exception class="java.lang.NullPointerException">
            <full-stacktrace>
              <![CDATA[java.lang.NullPointerException
at functionaltests.FindMyNextElectionPageEnterAddress.fillInStreetFieldWithValidData(FindMyNextElectionPageEnterAddress.java:25)
at sun.reflect.NativeMethodAccessorImpl.invoke0(Native Method)
at sun.reflect.NativeMethodAccessorImpl.invoke(Unknown Source)
at sun.reflect.DelegatingMethodAccessorImpl.invoke(Unknown Source)
at java.lang.reflect.Method.invoke(Unknown Source)
at org.testng.internal.MethodInvocationHelper.invokeMethod(MethodInvocationHelper.java:133)
at org.testng.internal.TestInvoker.invokeMethod(TestInvoker.java:584)
at org.testng.internal.TestInvoker.invokeTestMethod(TestInvoker.java:172)
at org.testng.internal.MethodRunner.runInSequence(MethodRunner.java:46)
at org.testng.internal.TestInvoker$MethodInvocationAgent.invoke(TestInvoker.java:804)
at org.testng.internal.TestInvoker.invokeTestMethods(TestInvoker.java:145)
at org.testng.internal.TestMethodWorker.invokeTestMethods(TestMethodWorker.java:146)
at org.testng.internal.TestMethodWorker.run(TestMethodWorker.java:128)
at java.util.ArrayList.forEach(Unknown Source)
at org.testng.TestRunner.privateRun(TestRunner.java:770)
at org.testng.TestRunner.run(TestRunner.java:591)
at org.testng.SuiteRunner.runTest(SuiteRunner.java:402)
at org.testng.SuiteRunner.runSequentially(SuiteRunner.java:396)
at org.testng.SuiteRunner.privateRun(SuiteRunner.java:355)
at org.testng.SuiteRunner.run(SuiteRunner.java:304)
at org.testng.SuiteRunnerWorker.runSuite(SuiteRunnerWorker.java:53)
at org.testng.SuiteRunnerWorker.run(SuiteRunnerWorker.java:96)
at org.testng.TestNG.runSuitesSequentially(TestNG.java:1180)
at org.testng.TestNG.runSuitesLocally(TestNG.java:1102)
at org.testng.TestNG.runSuites(TestNG.java:1032)
at org.testng.TestNG.run(TestNG.java:1000)
at org.testng.remote.AbstractRemoteTestNG.run(AbstractRemoteTestNG.java:115)
at org.testng.remote.RemoteTestNG.initAndRun(RemoteTestNG.java:251)
at org.testng.remote.RemoteTestNG.main(RemoteTestNG.java:77)
]]>
            </full-stacktrace>
          </exception> <!-- java.lang.NullPointerException -->
          <reporter-output>
          </reporter-output>
        </test-method> <!-- fillInStreetFieldWithValidData -->
        <test-method status="PASS" signature="recordFailure(org.testng.ITestResult)[pri:0, instance:functionaltests.FindMyNextElectionPageEnterAddress@3234e239]" name="recordFailure" is-config="true" duration-ms="276" started-at="2019-10-12T21:56:20 EDT" finished-at="2019-10-12T21:56:20 EDT">
          <params>
            <param index="0">
              <value>
                <![CDATA[[TestResult name=fillInStreetFieldWithValidData status=FAILURE method=FindMyNextElectionPageEnterAddress.fillInStreetFieldWithValidData(java.lang.String, java.lang.String, java.lang.String, java.lang.String, java.lang.String)[pri:0, instance:functionaltests.FindMyNextElectionPageEnterAddress@3234e239] output={null}]]]>
              </value>
            </param>
          </params>
          <reporter-output>
          </reporter-output>
        </test-method> <!-- recordFailure -->
        <test-method status="PASS" signature="gofindMyNextElectionPage()[pri:0, instance:functionaltests.FindMyNextElectionPageEnterAddress@3234e239]" name="gofindMyNextElectionPage" is-config="true" duration-ms="386" started-at="2019-10-12T21:56:20 EDT" finished-at="2019-10-12T21:56:20 EDT">
          <reporter-output>
          </reporter-output>
        </test-method> <!-- gofindMyNextElectionPage -->
        <test-method status="FAIL" signature="fillInStreetFieldWithValidData(java.lang.String, java.lang.String, java.lang.String, java.lang.String, java.lang.String)[pri:0, instance:functionaltests.FindMyNextElectionPageEnterAddress@3234e239]" name="fillInStreetFieldWithValidData" duration-ms="0" started-at="2019-10-12T21:56:20 EDT" data-provider="statedropdownlist2" finished-at="2019-10-12T21:56:20 EDT">
          <params>
            <param index="0">
              <value>
                <![CDATA[asdfadsf]]>
              </value>
            </param>
            <param index="1">
              <value>
                <![CDATA[asdfadsf]]>
              </value>
            </param>
            <param index="2">
              <value>
                <![CDATA[asdfadf]]>
              </value>
            </param>
            <param index="3">
              <value>
                <![CDATA[asdfadsf]]>
              </value>
            </param>
            <param index="4">
              <value>
                <![CDATA[dfafasdf]]>
              </value>
            </param>
          </params>
          <exception class="java.lang.NullPointerException">
            <full-stacktrace>
              <![CDATA[java.lang.NullPointerException
at functionaltests.FindMyNextElectionPageEnterAddress.fillInStreetFieldWithValidData(FindMyNextElectionPageEnterAddress.java:25)
at sun.reflect.NativeMethodAccessorImpl.invoke0(Native Method)
at sun.reflect.NativeMethodAccessorImpl.invoke(Unknown Source)
at sun.reflect.DelegatingMethodAccessorImpl.invoke(Unknown Source)
at java.lang.reflect.Method.invoke(Unknown Source)
at org.testng.internal.MethodInvocationHelper.invokeMethod(MethodInvocationHelper.java:133)
at org.testng.internal.TestInvoker.invokeMethod(TestInvoker.java:584)
at org.testng.internal.TestInvoker.invokeTestMethod(TestInvoker.java:172)
at org.testng.internal.MethodRunner.runInSequence(MethodRunner.java:46)
at org.testng.internal.TestInvoker$MethodInvocationAgent.invoke(TestInvoker.java:804)
at org.testng.internal.TestInvoker.invokeTestMethods(TestInvoker.java:145)
at org.testng.internal.TestMethodWorker.invokeTestMethods(TestMethodWorker.java:146)
at org.testng.internal.TestMethodWorker.run(TestMethodWorker.java:128)
at java.util.ArrayList.forEach(Unknown Source)
at org.testng.TestRunner.privateRun(TestRunner.java:770)
at org.testng.TestRunner.run(TestRunner.java:591)
at org.testng.SuiteRunner.runTest(SuiteRunner.java:402)
at org.testng.SuiteRunner.runSequentially(SuiteRunner.java:396)
at org.testng.SuiteRunner.privateRun(SuiteRunner.java:355)
at org.testng.SuiteRunner.run(SuiteRunner.java:304)
at org.testng.SuiteRunnerWorker.runSuite(SuiteRunnerWorker.java:53)
at org.testng.SuiteRunnerWorker.run(SuiteRunnerWorker.java:96)
at org.testng.TestNG.runSuitesSequentially(TestNG.java:1180)
at org.testng.TestNG.runSuitesLocally(TestNG.java:1102)
at org.testng.TestNG.runSuites(TestNG.java:1032)
at org.testng.TestNG.run(TestNG.java:1000)
at org.testng.remote.AbstractRemoteTestNG.run(AbstractRemoteTestNG.java:115)
at org.testng.remote.RemoteTestNG.initAndRun(RemoteTestNG.java:251)
at org.testng.remote.RemoteTestNG.main(RemoteTestNG.java:77)
]]>
            </full-stacktrace>
          </exception> <!-- java.lang.NullPointerException -->
          <reporter-output>
          </reporter-output>
        </test-method> <!-- fillInStreetFieldWithValidData -->
        <test-method status="PASS" signature="recordFailure(org.testng.ITestResult)[pri:0, instance:functionaltests.FindMyNextElectionPageEnterAddress@3234e239]" name="recordFailure" is-config="true" duration-ms="268" started-at="2019-10-12T21:56:20 EDT" finished-at="2019-10-12T21:56:21 EDT">
          <params>
            <param index="0">
              <value>
                <![CDATA[[TestResult name=fillInStreetFieldWithValidData status=FAILURE method=FindMyNextElectionPageEnterAddress.fillInStreetFieldWithValidData(java.lang.String, java.lang.String, java.lang.String, java.lang.String, java.lang.String)[pri:0, instance:functionaltests.FindMyNextElectionPageEnterAddress@3234e239] output={null}]]]>
              </value>
            </param>
          </params>
          <reporter-output>
          </reporter-output>
        </test-method> <!-- recordFailure -->
        <test-method status="PASS" signature="tearDown()[pri:0, instance:functionaltests.FindMyNextElectionPageEnterAddress@3234e239]" name="tearDown" is-config="true" duration-ms="594" started-at="2019-10-12T21:56:21 EDT" finished-at="2019-10-12T21:56:21 EDT">
          <reporter-output>
          </reporter-output>
        </test-method> <!-- tearDown -->
      </class> <!-- functionaltests.FindMyNextElectionPageEnterAddress -->
    </test> <!-- Default test -->
  </suite> <!-- Default suite -->
</testng-results>
