<?xml version="1.0" encoding="UTF-8"?>
<testng-results skipped="0" failed="0" ignored="0" total="9" passed="9">
  <reporter-output>
  </reporter-output>
  <suite name="Default suite" duration-ms="11767" started-at="2019-10-14T11:50:57 EDT" finished-at="2019-10-14T11:51:09 EDT">
    <groups>
    </groups>
    <test name="Default test" duration-ms="11767" started-at="2019-10-14T11:50:57 EDT" finished-at="2019-10-14T11:51:09 EDT">
      <class name="uitests.FindMyNextElectionPageUI">
        <test-method status="PASS" signature="setUp()[pri:0, instance:uitests.FindMyNextElectionPageUI@1a8a8f7c]" name="setUp" is-config="true" duration-ms="10461" started-at="2019-10-14T11:50:57 EDT" finished-at="2019-10-14T11:51:07 EDT">
          <reporter-output>
          </reporter-output>
        </test-method> <!-- setUp -->
        <test-method status="PASS" signature="gofindMyNextElectionPage()[pri:0, instance:uitests.FindMyNextElectionPageUI@1a8a8f7c]" name="gofindMyNextElectionPage" is-config="true" duration-ms="218" started-at="2019-10-14T11:51:07 EDT" finished-at="2019-10-14T11:51:08 EDT">
          <reporter-output>
          </reporter-output>
        </test-method> <!-- gofindMyNextElectionPage -->
        <test-method status="PASS" signature="verifyCityFieldLabel()[pri:0, instance:uitests.FindMyNextElectionPageUI@1a8a8f7c]" name="verifyCityFieldLabel" duration-ms="38" started-at="2019-10-14T11:51:08 EDT" finished-at="2019-10-14T11:51:08 EDT">
          <reporter-output>
          </reporter-output>
        </test-method> <!-- verifyCityFieldLabel -->
        <test-method status="PASS" signature="recordFailure(org.testng.ITestResult)[pri:0, instance:uitests.FindMyNextElectionPageUI@1a8a8f7c]" name="recordFailure" is-config="true" duration-ms="1" started-at="2019-10-14T11:51:08 EDT" finished-at="2019-10-14T11:51:08 EDT">
          <params>
            <param index="0">
              <value>
                <![CDATA[[TestResult name=verifyCityFieldLabel status=SUCCESS method=FindMyNextElectionPageUI.verifyCityFieldLabel()[pri:0, instance:uitests.FindMyNextElectionPageUI@1a8a8f7c] output={null}]]]>
              </value>
            </param>
          </params>
          <reporter-output>
          </reporter-output>
        </test-method> <!-- recordFailure -->
        <test-method status="PASS" signature="gofindMyNextElectionPage()[pri:0, instance:uitests.FindMyNextElectionPageUI@1a8a8f7c]" name="gofindMyNextElectionPage" is-config="true" duration-ms="104" started-at="2019-10-14T11:51:08 EDT" finished-at="2019-10-14T11:51:08 EDT">
          <reporter-output>
          </reporter-output>
        </test-method> <!-- gofindMyNextElectionPage -->
        <test-method status="PASS" signature="verifyHeaderText()[pri:0, instance:uitests.FindMyNextElectionPageUI@1a8a8f7c]" name="verifyHeaderText" duration-ms="27" started-at="2019-10-14T11:51:08 EDT" finished-at="2019-10-14T11:51:08 EDT">
          <reporter-output>
          </reporter-output>
        </test-method> <!-- verifyHeaderText -->
        <test-method status="PASS" signature="gofindMyNextElectionPage()[pri:0, instance:uitests.FindMyNextElectionPageUI@1a8a8f7c]" name="gofindMyNextElectionPage" is-config="true" duration-ms="91" started-at="2019-10-14T11:51:08 EDT" finished-at="2019-10-14T11:51:08 EDT">
          <reporter-output>
          </reporter-output>
        </test-method> <!-- gofindMyNextElectionPage -->
        <test-method status="PASS" signature="recordFailure(org.testng.ITestResult)[pri:0, instance:uitests.FindMyNextElectionPageUI@1a8a8f7c]" name="recordFailure" is-config="true" duration-ms="0" started-at="2019-10-14T11:51:08 EDT" finished-at="2019-10-14T11:51:08 EDT">
          <params>
            <param index="0">
              <value>
                <![CDATA[[TestResult name=verifyHeaderText status=SUCCESS method=FindMyNextElectionPageUI.verifyHeaderText()[pri:0, instance:uitests.FindMyNextElectionPageUI@1a8a8f7c] output={null}]]]>
              </value>
            </param>
          </params>
          <reporter-output>
          </reporter-output>
        </test-method> <!-- recordFailure -->
        <test-method status="PASS" signature="verifySearchButtonLabel()[pri:0, instance:uitests.FindMyNextElectionPageUI@1a8a8f7c]" name="verifySearchButtonLabel" duration-ms="35" started-at="2019-10-14T11:51:08 EDT" finished-at="2019-10-14T11:51:08 EDT">
          <reporter-output>
          </reporter-output>
        </test-method> <!-- verifySearchButtonLabel -->
        <test-method status="PASS" signature="gofindMyNextElectionPage()[pri:0, instance:uitests.FindMyNextElectionPageUI@1a8a8f7c]" name="gofindMyNextElectionPage" is-config="true" duration-ms="102" started-at="2019-10-14T11:51:08 EDT" finished-at="2019-10-14T11:51:08 EDT">
          <reporter-output>
          </reporter-output>
        </test-method> <!-- gofindMyNextElectionPage -->
        <test-method status="PASS" signature="recordFailure(org.testng.ITestResult)[pri:0, instance:uitests.FindMyNextElectionPageUI@1a8a8f7c]" name="recordFailure" is-config="true" duration-ms="0" started-at="2019-10-14T11:51:08 EDT" finished-at="2019-10-14T11:51:08 EDT">
          <params>
            <param index="0">
              <value>
                <![CDATA[[TestResult name=verifySearchButtonLabel status=SUCCESS method=FindMyNextElectionPageUI.verifySearchButtonLabel()[pri:0, instance:uitests.FindMyNextElectionPageUI@1a8a8f7c] output={null}]]]>
              </value>
            </param>
          </params>
          <reporter-output>
          </reporter-output>
        </test-method> <!-- recordFailure -->
        <test-method status="PASS" signature="verifyStateDropdownIsClickable()[pri:0, instance:uitests.FindMyNextElectionPageUI@1a8a8f7c]" name="verifyStateDropdownIsClickable" duration-ms="59" started-at="2019-10-14T11:51:08 EDT" finished-at="2019-10-14T11:51:08 EDT">
          <reporter-output>
          </reporter-output>
        </test-method> <!-- verifyStateDropdownIsClickable -->
        <test-method status="PASS" signature="recordFailure(org.testng.ITestResult)[pri:0, instance:uitests.FindMyNextElectionPageUI@1a8a8f7c]" name="recordFailure" is-config="true" duration-ms="0" started-at="2019-10-14T11:51:08 EDT" finished-at="2019-10-14T11:51:08 EDT">
          <params>
            <param index="0">
              <value>
                <![CDATA[[TestResult name=verifyStateDropdownIsClickable status=SUCCESS method=FindMyNextElectionPageUI.verifyStateDropdownIsClickable()[pri:0, instance:uitests.FindMyNextElectionPageUI@1a8a8f7c] output={null}]]]>
              </value>
            </param>
          </params>
          <reporter-output>
          </reporter-output>
        </test-method> <!-- recordFailure -->
        <test-method status="PASS" signature="gofindMyNextElectionPage()[pri:0, instance:uitests.FindMyNextElectionPageUI@1a8a8f7c]" name="gofindMyNextElectionPage" is-config="true" duration-ms="99" started-at="2019-10-14T11:51:08 EDT" finished-at="2019-10-14T11:51:08 EDT">
          <reporter-output>
          </reporter-output>
        </test-method> <!-- gofindMyNextElectionPage -->
        <test-method status="PASS" signature="verifyStateDropdownLabel()[pri:0, instance:uitests.FindMyNextElectionPageUI@1a8a8f7c]" name="verifyStateDropdownLabel" duration-ms="22" started-at="2019-10-14T11:51:08 EDT" finished-at="2019-10-14T11:51:08 EDT">
          <reporter-output>
          </reporter-output>
        </test-method> <!-- verifyStateDropdownLabel -->
        <test-method status="PASS" signature="gofindMyNextElectionPage()[pri:0, instance:uitests.FindMyNextElectionPageUI@1a8a8f7c]" name="gofindMyNextElectionPage" is-config="true" duration-ms="91" started-at="2019-10-14T11:51:08 EDT" finished-at="2019-10-14T11:51:08 EDT">
          <reporter-output>
          </reporter-output>
        </test-method> <!-- gofindMyNextElectionPage -->
        <test-method status="PASS" signature="recordFailure(org.testng.ITestResult)[pri:0, instance:uitests.FindMyNextElectionPageUI@1a8a8f7c]" name="recordFailure" is-config="true" duration-ms="0" started-at="2019-10-14T11:51:08 EDT" finished-at="2019-10-14T11:51:08 EDT">
          <params>
            <param index="0">
              <value>
                <![CDATA[[TestResult name=verifyStateDropdownLabel status=SUCCESS method=FindMyNextElectionPageUI.verifyStateDropdownLabel()[pri:0, instance:uitests.FindMyNextElectionPageUI@1a8a8f7c] output={null}]]]>
              </value>
            </param>
          </params>
          <reporter-output>
          </reporter-output>
        </test-method> <!-- recordFailure -->
        <test-method status="PASS" signature="verifyStreet2FieldLabel()[pri:0, instance:uitests.FindMyNextElectionPageUI@1a8a8f7c]" name="verifyStreet2FieldLabel" duration-ms="23" started-at="2019-10-14T11:51:08 EDT" finished-at="2019-10-14T11:51:08 EDT">
          <reporter-output>
          </reporter-output>
        </test-method> <!-- verifyStreet2FieldLabel -->
        <test-method status="PASS" signature="recordFailure(org.testng.ITestResult)[pri:0, instance:uitests.FindMyNextElectionPageUI@1a8a8f7c]" name="recordFailure" is-config="true" duration-ms="1" started-at="2019-10-14T11:51:08 EDT" finished-at="2019-10-14T11:51:08 EDT">
          <params>
            <param index="0">
              <value>
                <![CDATA[[TestResult name=verifyStreet2FieldLabel status=SUCCESS method=FindMyNextElectionPageUI.verifyStreet2FieldLabel()[pri:0, instance:uitests.FindMyNextElectionPageUI@1a8a8f7c] output={null}]]]>
              </value>
            </param>
          </params>
          <reporter-output>
          </reporter-output>
        </test-method> <!-- recordFailure -->
        <test-method status="PASS" signature="gofindMyNextElectionPage()[pri:0, instance:uitests.FindMyNextElectionPageUI@1a8a8f7c]" name="gofindMyNextElectionPage" is-config="true" duration-ms="93" started-at="2019-10-14T11:51:08 EDT" finished-at="2019-10-14T11:51:08 EDT">
          <reporter-output>
          </reporter-output>
        </test-method> <!-- gofindMyNextElectionPage -->
        <test-method status="PASS" signature="verifyStreetFieldLabel()[pri:0, instance:uitests.FindMyNextElectionPageUI@1a8a8f7c]" name="verifyStreetFieldLabel" duration-ms="20" started-at="2019-10-14T11:51:08 EDT" finished-at="2019-10-14T11:51:08 EDT">
          <reporter-output>
          </reporter-output>
        </test-method> <!-- verifyStreetFieldLabel -->
        <test-method status="PASS" signature="recordFailure(org.testng.ITestResult)[pri:0, instance:uitests.FindMyNextElectionPageUI@1a8a8f7c]" name="recordFailure" is-config="true" duration-ms="0" started-at="2019-10-14T11:51:08 EDT" finished-at="2019-10-14T11:51:08 EDT">
          <params>
            <param index="0">
              <value>
                <![CDATA[[TestResult name=verifyStreetFieldLabel status=SUCCESS method=FindMyNextElectionPageUI.verifyStreetFieldLabel()[pri:0, instance:uitests.FindMyNextElectionPageUI@1a8a8f7c] output={null}]]]>
              </value>
            </param>
          </params>
          <reporter-output>
          </reporter-output>
        </test-method> <!-- recordFailure -->
        <test-method status="PASS" signature="gofindMyNextElectionPage()[pri:0, instance:uitests.FindMyNextElectionPageUI@1a8a8f7c]" name="gofindMyNextElectionPage" is-config="true" duration-ms="104" started-at="2019-10-14T11:51:08 EDT" finished-at="2019-10-14T11:51:09 EDT">
          <reporter-output>
          </reporter-output>
        </test-method> <!-- gofindMyNextElectionPage -->
        <test-method status="PASS" signature="verifyUserMessage()[pri:0, instance:uitests.FindMyNextElectionPageUI@1a8a8f7c]" name="verifyUserMessage" duration-ms="22" started-at="2019-10-14T11:51:09 EDT" finished-at="2019-10-14T11:51:09 EDT">
          <reporter-output>
          </reporter-output>
        </test-method> <!-- verifyUserMessage -->
        <test-method status="PASS" signature="recordFailure(org.testng.ITestResult)[pri:0, instance:uitests.FindMyNextElectionPageUI@1a8a8f7c]" name="recordFailure" is-config="true" duration-ms="0" started-at="2019-10-14T11:51:09 EDT" finished-at="2019-10-14T11:51:09 EDT">
          <params>
            <param index="0">
              <value>
                <![CDATA[[TestResult name=verifyUserMessage status=SUCCESS method=FindMyNextElectionPageUI.verifyUserMessage()[pri:0, instance:uitests.FindMyNextElectionPageUI@1a8a8f7c] output={null}]]]>
              </value>
            </param>
          </params>
          <reporter-output>
          </reporter-output>
        </test-method> <!-- recordFailure -->
        <test-method status="PASS" signature="gofindMyNextElectionPage()[pri:0, instance:uitests.FindMyNextElectionPageUI@1a8a8f7c]" name="gofindMyNextElectionPage" is-config="true" duration-ms="102" started-at="2019-10-14T11:51:09 EDT" finished-at="2019-10-14T11:51:09 EDT">
          <reporter-output>
          </reporter-output>
        </test-method> <!-- gofindMyNextElectionPage -->
        <test-method status="PASS" signature="verifyZipFieldLabel()[pri:0, instance:uitests.FindMyNextElectionPageUI@1a8a8f7c]" name="verifyZipFieldLabel" duration-ms="22" started-at="2019-10-14T11:51:09 EDT" finished-at="2019-10-14T11:51:09 EDT">
          <reporter-output>
          </reporter-output>
        </test-method> <!-- verifyZipFieldLabel -->
        <test-method status="PASS" signature="recordFailure(org.testng.ITestResult)[pri:0, instance:uitests.FindMyNextElectionPageUI@1a8a8f7c]" name="recordFailure" is-config="true" duration-ms="0" started-at="2019-10-14T11:51:09 EDT" finished-at="2019-10-14T11:51:09 EDT">
          <params>
            <param index="0">
              <value>
                <![CDATA[[TestResult name=verifyZipFieldLabel status=SUCCESS method=FindMyNextElectionPageUI.verifyZipFieldLabel()[pri:0, instance:uitests.FindMyNextElectionPageUI@1a8a8f7c] output={null}]]]>
              </value>
            </param>
          </params>
          <reporter-output>
          </reporter-output>
        </test-method> <!-- recordFailure -->
        <test-method status="PASS" signature="tearDown()[pri:0, instance:uitests.FindMyNextElectionPageUI@1a8a8f7c]" name="tearDown" is-config="true" duration-ms="594" started-at="2019-10-14T11:51:09 EDT" finished-at="2019-10-14T11:51:09 EDT">
          <reporter-output>
          </reporter-output>
        </test-method> <!-- tearDown -->
      </class> <!-- uitests.FindMyNextElectionPageUI -->
    </test> <!-- Default test -->
  </suite> <!-- Default suite -->
</testng-results>
