<?xml version="1.0" encoding="UTF-8"?>
<testng-results skipped="0" failed="0" ignored="0" total="8" passed="8">
  <reporter-output>
  </reporter-output>
  <suite name="Default suite" duration-ms="8867" started-at="2019-10-12T17:40:58 EDT" finished-at="2019-10-12T17:41:07 EDT">
    <groups>
    </groups>
    <test name="Default test" duration-ms="8867" started-at="2019-10-12T17:40:58 EDT" finished-at="2019-10-12T17:41:07 EDT">
      <class name="uitests.FindMyNextElectionPageUI">
        <test-method status="PASS" signature="setUp()[pri:0, instance:uitests.FindMyNextElectionPageUI@7e2d773b]" name="setUp" is-config="true" duration-ms="4697" started-at="2019-10-12T17:40:58 EDT" finished-at="2019-10-12T17:41:03 EDT">
          <reporter-output>
          </reporter-output>
        </test-method> <!-- setUp -->
        <test-method status="PASS" signature="gofindMyNextElectionPage()[pri:0, instance:uitests.FindMyNextElectionPageUI@7e2d773b]" name="gofindMyNextElectionPage" is-config="true" duration-ms="257" started-at="2019-10-12T17:41:03 EDT" finished-at="2019-10-12T17:41:03 EDT">
          <reporter-output>
          </reporter-output>
        </test-method> <!-- gofindMyNextElectionPage -->
        <test-method status="PASS" signature="verifyCityFieldLabel()[pri:0, instance:uitests.FindMyNextElectionPageUI@7e2d773b]" name="verifyCityFieldLabel" duration-ms="222" started-at="2019-10-12T17:41:03 EDT" finished-at="2019-10-12T17:41:03 EDT">
          <reporter-output>
          </reporter-output>
        </test-method> <!-- verifyCityFieldLabel -->
        <test-method status="PASS" signature="recordFailure(org.testng.ITestResult)[pri:0, instance:uitests.FindMyNextElectionPageUI@7e2d773b]" name="recordFailure" is-config="true" duration-ms="1" started-at="2019-10-12T17:41:03 EDT" finished-at="2019-10-12T17:41:03 EDT">
          <params>
            <param index="0">
              <value>
                <![CDATA[[TestResult name=verifyCityFieldLabel status=SUCCESS method=FindMyNextElectionPageUI.verifyCityFieldLabel()[pri:0, instance:uitests.FindMyNextElectionPageUI@7e2d773b] output={null}]]]>
              </value>
            </param>
          </params>
          <reporter-output>
          </reporter-output>
        </test-method> <!-- recordFailure -->
        <test-method status="PASS" signature="gofindMyNextElectionPage()[pri:0, instance:uitests.FindMyNextElectionPageUI@7e2d773b]" name="gofindMyNextElectionPage" is-config="true" duration-ms="246" started-at="2019-10-12T17:41:03 EDT" finished-at="2019-10-12T17:41:03 EDT">
          <reporter-output>
          </reporter-output>
        </test-method> <!-- gofindMyNextElectionPage -->
        <test-method status="PASS" signature="verifyHeaderText()[pri:0, instance:uitests.FindMyNextElectionPageUI@7e2d773b]" name="verifyHeaderText" duration-ms="163" started-at="2019-10-12T17:41:03 EDT" finished-at="2019-10-12T17:41:04 EDT">
          <reporter-output>
          </reporter-output>
        </test-method> <!-- verifyHeaderText -->
        <test-method status="PASS" signature="recordFailure(org.testng.ITestResult)[pri:0, instance:uitests.FindMyNextElectionPageUI@7e2d773b]" name="recordFailure" is-config="true" duration-ms="0" started-at="2019-10-12T17:41:04 EDT" finished-at="2019-10-12T17:41:04 EDT">
          <params>
            <param index="0">
              <value>
                <![CDATA[[TestResult name=verifyHeaderText status=SUCCESS method=FindMyNextElectionPageUI.verifyHeaderText()[pri:0, instance:uitests.FindMyNextElectionPageUI@7e2d773b] output={null}]]]>
              </value>
            </param>
          </params>
          <reporter-output>
          </reporter-output>
        </test-method> <!-- recordFailure -->
        <test-method status="PASS" signature="gofindMyNextElectionPage()[pri:0, instance:uitests.FindMyNextElectionPageUI@7e2d773b]" name="gofindMyNextElectionPage" is-config="true" duration-ms="251" started-at="2019-10-12T17:41:04 EDT" finished-at="2019-10-12T17:41:04 EDT">
          <reporter-output>
          </reporter-output>
        </test-method> <!-- gofindMyNextElectionPage -->
        <test-method status="PASS" signature="verifySearchButtonLabel()[pri:0, instance:uitests.FindMyNextElectionPageUI@7e2d773b]" name="verifySearchButtonLabel" duration-ms="164" started-at="2019-10-12T17:41:04 EDT" finished-at="2019-10-12T17:41:04 EDT">
          <reporter-output>
          </reporter-output>
        </test-method> <!-- verifySearchButtonLabel -->
        <test-method status="PASS" signature="recordFailure(org.testng.ITestResult)[pri:0, instance:uitests.FindMyNextElectionPageUI@7e2d773b]" name="recordFailure" is-config="true" duration-ms="0" started-at="2019-10-12T17:41:04 EDT" finished-at="2019-10-12T17:41:04 EDT">
          <params>
            <param index="0">
              <value>
                <![CDATA[[TestResult name=verifySearchButtonLabel status=SUCCESS method=FindMyNextElectionPageUI.verifySearchButtonLabel()[pri:0, instance:uitests.FindMyNextElectionPageUI@7e2d773b] output={null}]]]>
              </value>
            </param>
          </params>
          <reporter-output>
          </reporter-output>
        </test-method> <!-- recordFailure -->
        <test-method status="PASS" signature="gofindMyNextElectionPage()[pri:0, instance:uitests.FindMyNextElectionPageUI@7e2d773b]" name="gofindMyNextElectionPage" is-config="true" duration-ms="294" started-at="2019-10-12T17:41:04 EDT" finished-at="2019-10-12T17:41:04 EDT">
          <reporter-output>
          </reporter-output>
        </test-method> <!-- gofindMyNextElectionPage -->
        <test-method status="PASS" signature="verifyStateDropdownLabel()[pri:0, instance:uitests.FindMyNextElectionPageUI@7e2d773b]" name="verifyStateDropdownLabel" duration-ms="153" started-at="2019-10-12T17:41:04 EDT" finished-at="2019-10-12T17:41:05 EDT">
          <reporter-output>
          </reporter-output>
        </test-method> <!-- verifyStateDropdownLabel -->
        <test-method status="PASS" signature="gofindMyNextElectionPage()[pri:0, instance:uitests.FindMyNextElectionPageUI@7e2d773b]" name="gofindMyNextElectionPage" is-config="true" duration-ms="294" started-at="2019-10-12T17:41:05 EDT" finished-at="2019-10-12T17:41:05 EDT">
          <reporter-output>
          </reporter-output>
        </test-method> <!-- gofindMyNextElectionPage -->
        <test-method status="PASS" signature="recordFailure(org.testng.ITestResult)[pri:0, instance:uitests.FindMyNextElectionPageUI@7e2d773b]" name="recordFailure" is-config="true" duration-ms="0" started-at="2019-10-12T17:41:05 EDT" finished-at="2019-10-12T17:41:05 EDT">
          <params>
            <param index="0">
              <value>
                <![CDATA[[TestResult name=verifyStateDropdownLabel status=SUCCESS method=FindMyNextElectionPageUI.verifyStateDropdownLabel()[pri:0, instance:uitests.FindMyNextElectionPageUI@7e2d773b] output={null}]]]>
              </value>
            </param>
          </params>
          <reporter-output>
          </reporter-output>
        </test-method> <!-- recordFailure -->
        <test-method status="PASS" signature="verifyStreet2FieldLabel()[pri:0, instance:uitests.FindMyNextElectionPageUI@7e2d773b]" name="verifyStreet2FieldLabel" duration-ms="162" started-at="2019-10-12T17:41:05 EDT" finished-at="2019-10-12T17:41:05 EDT">
          <reporter-output>
          </reporter-output>
        </test-method> <!-- verifyStreet2FieldLabel -->
        <test-method status="PASS" signature="gofindMyNextElectionPage()[pri:0, instance:uitests.FindMyNextElectionPageUI@7e2d773b]" name="gofindMyNextElectionPage" is-config="true" duration-ms="289" started-at="2019-10-12T17:41:05 EDT" finished-at="2019-10-12T17:41:05 EDT">
          <reporter-output>
          </reporter-output>
        </test-method> <!-- gofindMyNextElectionPage -->
        <test-method status="PASS" signature="recordFailure(org.testng.ITestResult)[pri:0, instance:uitests.FindMyNextElectionPageUI@7e2d773b]" name="recordFailure" is-config="true" duration-ms="0" started-at="2019-10-12T17:41:05 EDT" finished-at="2019-10-12T17:41:05 EDT">
          <params>
            <param index="0">
              <value>
                <![CDATA[[TestResult name=verifyStreet2FieldLabel status=SUCCESS method=FindMyNextElectionPageUI.verifyStreet2FieldLabel()[pri:0, instance:uitests.FindMyNextElectionPageUI@7e2d773b] output={null}]]]>
              </value>
            </param>
          </params>
          <reporter-output>
          </reporter-output>
        </test-method> <!-- recordFailure -->
        <test-method status="PASS" signature="verifyStreetFieldLabel()[pri:0, instance:uitests.FindMyNextElectionPageUI@7e2d773b]" name="verifyStreetFieldLabel" duration-ms="162" started-at="2019-10-12T17:41:05 EDT" finished-at="2019-10-12T17:41:05 EDT">
          <reporter-output>
          </reporter-output>
        </test-method> <!-- verifyStreetFieldLabel -->
        <test-method status="PASS" signature="gofindMyNextElectionPage()[pri:0, instance:uitests.FindMyNextElectionPageUI@7e2d773b]" name="gofindMyNextElectionPage" is-config="true" duration-ms="237" started-at="2019-10-12T17:41:05 EDT" finished-at="2019-10-12T17:41:06 EDT">
          <reporter-output>
          </reporter-output>
        </test-method> <!-- gofindMyNextElectionPage -->
        <test-method status="PASS" signature="recordFailure(org.testng.ITestResult)[pri:0, instance:uitests.FindMyNextElectionPageUI@7e2d773b]" name="recordFailure" is-config="true" duration-ms="0" started-at="2019-10-12T17:41:05 EDT" finished-at="2019-10-12T17:41:05 EDT">
          <params>
            <param index="0">
              <value>
                <![CDATA[[TestResult name=verifyStreetFieldLabel status=SUCCESS method=FindMyNextElectionPageUI.verifyStreetFieldLabel()[pri:0, instance:uitests.FindMyNextElectionPageUI@7e2d773b] output={null}]]]>
              </value>
            </param>
          </params>
          <reporter-output>
          </reporter-output>
        </test-method> <!-- recordFailure -->
        <test-method status="PASS" signature="verifyUserMessage()[pri:0, instance:uitests.FindMyNextElectionPageUI@7e2d773b]" name="verifyUserMessage" duration-ms="162" started-at="2019-10-12T17:41:06 EDT" finished-at="2019-10-12T17:41:06 EDT">
          <reporter-output>
          </reporter-output>
        </test-method> <!-- verifyUserMessage -->
        <test-method status="PASS" signature="gofindMyNextElectionPage()[pri:0, instance:uitests.FindMyNextElectionPageUI@7e2d773b]" name="gofindMyNextElectionPage" is-config="true" duration-ms="305" started-at="2019-10-12T17:41:06 EDT" finished-at="2019-10-12T17:41:06 EDT">
          <reporter-output>
          </reporter-output>
        </test-method> <!-- gofindMyNextElectionPage -->
        <test-method status="PASS" signature="recordFailure(org.testng.ITestResult)[pri:0, instance:uitests.FindMyNextElectionPageUI@7e2d773b]" name="recordFailure" is-config="true" duration-ms="0" started-at="2019-10-12T17:41:06 EDT" finished-at="2019-10-12T17:41:06 EDT">
          <params>
            <param index="0">
              <value>
                <![CDATA[[TestResult name=verifyUserMessage status=SUCCESS method=FindMyNextElectionPageUI.verifyUserMessage()[pri:0, instance:uitests.FindMyNextElectionPageUI@7e2d773b] output={null}]]]>
              </value>
            </param>
          </params>
          <reporter-output>
          </reporter-output>
        </test-method> <!-- recordFailure -->
        <test-method status="PASS" signature="verifyZipFieldLabel()[pri:0, instance:uitests.FindMyNextElectionPageUI@7e2d773b]" name="verifyZipFieldLabel" duration-ms="152" started-at="2019-10-12T17:41:06 EDT" finished-at="2019-10-12T17:41:06 EDT">
          <reporter-output>
          </reporter-output>
        </test-method> <!-- verifyZipFieldLabel -->
        <test-method status="PASS" signature="tearDown()[pri:0, instance:uitests.FindMyNextElectionPageUI@7e2d773b]" name="tearDown" is-config="true" duration-ms="629" started-at="2019-10-12T17:41:06 EDT" finished-at="2019-10-12T17:41:07 EDT">
          <reporter-output>
          </reporter-output>
        </test-method> <!-- tearDown -->
        <test-method status="PASS" signature="recordFailure(org.testng.ITestResult)[pri:0, instance:uitests.FindMyNextElectionPageUI@7e2d773b]" name="recordFailure" is-config="true" duration-ms="0" started-at="2019-10-12T17:41:06 EDT" finished-at="2019-10-12T17:41:06 EDT">
          <params>
            <param index="0">
              <value>
                <![CDATA[[TestResult name=verifyZipFieldLabel status=SUCCESS method=FindMyNextElectionPageUI.verifyZipFieldLabel()[pri:0, instance:uitests.FindMyNextElectionPageUI@7e2d773b] output={null}]]]>
              </value>
            </param>
          </params>
          <reporter-output>
          </reporter-output>
        </test-method> <!-- recordFailure -->
      </class> <!-- uitests.FindMyNextElectionPageUI -->
    </test> <!-- Default test -->
  </suite> <!-- Default suite -->
</testng-results>
