<?xml version="1.0" encoding="UTF-8"?>
<testng-results skipped="0" failed="1" ignored="0" total="10" passed="9">
  <reporter-output>
  </reporter-output>
  <suite name="Default suite" duration-ms="51799" started-at="2019-10-13T19:38:29 EDT" finished-at="2019-10-13T19:39:21 EDT">
    <groups>
    </groups>
    <test name="Default test" duration-ms="51799" started-at="2019-10-13T19:38:29 EDT" finished-at="2019-10-13T19:39:21 EDT">
      <class name="functionaltests.FindMyNextElectionPageEnterAddress">
        <test-method status="PASS" signature="setUp()[pri:0, instance:functionaltests.FindMyNextElectionPageEnterAddress@3234e239]" name="setUp" is-config="true" duration-ms="10659" started-at="2019-10-13T19:38:29 EDT" finished-at="2019-10-13T19:38:40 EDT">
          <reporter-output>
          </reporter-output>
        </test-method> <!-- setUp -->
        <test-method status="PASS" signature="gofindMyNextElectionPage()[pri:0, instance:functionaltests.FindMyNextElectionPageEnterAddress@3234e239]" name="gofindMyNextElectionPage" is-config="true" duration-ms="186" started-at="2019-10-13T19:38:40 EDT" finished-at="2019-10-13T19:38:41 EDT">
          <reporter-output>
          </reporter-output>
        </test-method> <!-- gofindMyNextElectionPage -->
        <test-method status="PASS" signature="fillInOnlyCityField(java.lang.String, java.lang.String, java.lang.String, java.lang.String, java.lang.String)[pri:0, instance:functionaltests.FindMyNextElectionPageEnterAddress@3234e239]" name="fillInOnlyCityField" duration-ms="3839" started-at="2019-10-13T19:38:41 EDT" data-provider="statedropdownlist2" finished-at="2019-10-13T19:38:44 EDT">
          <params>
            <param index="0">
              <value>
                <![CDATA[323 18th Street]]>
              </value>
            </param>
            <param index="1">
              <value>
                <![CDATA[Floor 3]]>
              </value>
            </param>
            <param index="2">
              <value>
                <![CDATA[Brooklyn]]>
              </value>
            </param>
            <param index="3">
              <value>
                <![CDATA[NY]]>
              </value>
            </param>
            <param index="4">
              <value>
                <![CDATA[11215-6112]]>
              </value>
            </param>
          </params>
          <reporter-output>
          </reporter-output>
        </test-method> <!-- fillInOnlyCityField -->
        <test-method status="PASS" signature="recordFailure(org.testng.ITestResult)[pri:0, instance:functionaltests.FindMyNextElectionPageEnterAddress@3234e239]" name="recordFailure" is-config="true" duration-ms="1" started-at="2019-10-13T19:38:44 EDT" finished-at="2019-10-13T19:38:44 EDT">
          <params>
            <param index="0">
              <value>
                <![CDATA[[TestResult name=fillInOnlyCityField status=SUCCESS method=FindMyNextElectionPageEnterAddress.fillInOnlyCityField(java.lang.String, java.lang.String, java.lang.String, java.lang.String, java.lang.String)[pri:0, instance:functionaltests.FindMyNextElectionPageEnterAddress@3234e239] output={null}]]]>
              </value>
            </param>
          </params>
          <reporter-output>
          </reporter-output>
        </test-method> <!-- recordFailure -->
        <test-method status="PASS" signature="gofindMyNextElectionPage()[pri:0, instance:functionaltests.FindMyNextElectionPageEnterAddress@3234e239]" name="gofindMyNextElectionPage" is-config="true" duration-ms="193" started-at="2019-10-13T19:38:44 EDT" finished-at="2019-10-13T19:38:45 EDT">
          <reporter-output>
          </reporter-output>
        </test-method> <!-- gofindMyNextElectionPage -->
        <test-method status="PASS" signature="fillInOnlyCityField(java.lang.String, java.lang.String, java.lang.String, java.lang.String, java.lang.String)[pri:0, instance:functionaltests.FindMyNextElectionPageEnterAddress@3234e239]" name="fillInOnlyCityField" duration-ms="3717" started-at="2019-10-13T19:38:45 EDT" data-provider="statedropdownlist2" finished-at="2019-10-13T19:38:48 EDT">
          <params>
            <param index="0">
              <value>
                <![CDATA[asdfadsf]]>
              </value>
            </param>
            <param index="1">
              <value>
                <![CDATA[asdfadsf]]>
              </value>
            </param>
            <param index="2">
              <value>
                <![CDATA[asdfadf]]>
              </value>
            </param>
            <param index="3">
              <value>
                <![CDATA[asdfadsf]]>
              </value>
            </param>
            <param index="4">
              <value>
                <![CDATA[dfafasdf]]>
              </value>
            </param>
          </params>
          <reporter-output>
          </reporter-output>
        </test-method> <!-- fillInOnlyCityField -->
        <test-method status="PASS" signature="recordFailure(org.testng.ITestResult)[pri:0, instance:functionaltests.FindMyNextElectionPageEnterAddress@3234e239]" name="recordFailure" is-config="true" duration-ms="0" started-at="2019-10-13T19:38:48 EDT" finished-at="2019-10-13T19:38:48 EDT">
          <params>
            <param index="0">
              <value>
                <![CDATA[[TestResult name=fillInOnlyCityField status=SUCCESS method=FindMyNextElectionPageEnterAddress.fillInOnlyCityField(java.lang.String, java.lang.String, java.lang.String, java.lang.String, java.lang.String)[pri:0, instance:functionaltests.FindMyNextElectionPageEnterAddress@3234e239] output={null}]]]>
              </value>
            </param>
          </params>
          <reporter-output>
          </reporter-output>
        </test-method> <!-- recordFailure -->
        <test-method status="PASS" signature="gofindMyNextElectionPage()[pri:0, instance:functionaltests.FindMyNextElectionPageEnterAddress@3234e239]" name="gofindMyNextElectionPage" is-config="true" duration-ms="201" started-at="2019-10-13T19:38:48 EDT" finished-at="2019-10-13T19:38:49 EDT">
          <reporter-output>
          </reporter-output>
        </test-method> <!-- gofindMyNextElectionPage -->
        <test-method status="PASS" signature="fillInOnlyStateField(java.lang.String, java.lang.String, java.lang.String, java.lang.String, java.lang.String)[pri:0, instance:functionaltests.FindMyNextElectionPageEnterAddress@3234e239]" name="fillInOnlyStateField" duration-ms="3711" started-at="2019-10-13T19:38:49 EDT" data-provider="statedropdownlist2" finished-at="2019-10-13T19:38:52 EDT">
          <params>
            <param index="0">
              <value>
                <![CDATA[323 18th Street]]>
              </value>
            </param>
            <param index="1">
              <value>
                <![CDATA[Floor 3]]>
              </value>
            </param>
            <param index="2">
              <value>
                <![CDATA[Brooklyn]]>
              </value>
            </param>
            <param index="3">
              <value>
                <![CDATA[NY]]>
              </value>
            </param>
            <param index="4">
              <value>
                <![CDATA[11215-6112]]>
              </value>
            </param>
          </params>
          <reporter-output>
          </reporter-output>
        </test-method> <!-- fillInOnlyStateField -->
        <test-method status="PASS" signature="recordFailure(org.testng.ITestResult)[pri:0, instance:functionaltests.FindMyNextElectionPageEnterAddress@3234e239]" name="recordFailure" is-config="true" duration-ms="1" started-at="2019-10-13T19:38:52 EDT" finished-at="2019-10-13T19:38:52 EDT">
          <params>
            <param index="0">
              <value>
                <![CDATA[[TestResult name=fillInOnlyStateField status=SUCCESS method=FindMyNextElectionPageEnterAddress.fillInOnlyStateField(java.lang.String, java.lang.String, java.lang.String, java.lang.String, java.lang.String)[pri:0, instance:functionaltests.FindMyNextElectionPageEnterAddress@3234e239] output={null}]]]>
              </value>
            </param>
          </params>
          <reporter-output>
          </reporter-output>
        </test-method> <!-- recordFailure -->
        <test-method status="PASS" signature="gofindMyNextElectionPage()[pri:0, instance:functionaltests.FindMyNextElectionPageEnterAddress@3234e239]" name="gofindMyNextElectionPage" is-config="true" duration-ms="204" started-at="2019-10-13T19:38:52 EDT" finished-at="2019-10-13T19:38:52 EDT">
          <reporter-output>
          </reporter-output>
        </test-method> <!-- gofindMyNextElectionPage -->
        <test-method status="FAIL" signature="fillInOnlyStateField(java.lang.String, java.lang.String, java.lang.String, java.lang.String, java.lang.String)[pri:0, instance:functionaltests.FindMyNextElectionPageEnterAddress@3234e239]" name="fillInOnlyStateField" duration-ms="5027" started-at="2019-10-13T19:38:52 EDT" data-provider="statedropdownlist2" finished-at="2019-10-13T19:38:57 EDT">
          <params>
            <param index="0">
              <value>
                <![CDATA[asdfadsf]]>
              </value>
            </param>
            <param index="1">
              <value>
                <![CDATA[asdfadsf]]>
              </value>
            </param>
            <param index="2">
              <value>
                <![CDATA[asdfadf]]>
              </value>
            </param>
            <param index="3">
              <value>
                <![CDATA[asdfadsf]]>
              </value>
            </param>
            <param index="4">
              <value>
                <![CDATA[dfafasdf]]>
              </value>
            </param>
          </params>
          <exception class="org.openqa.selenium.NoSuchElementException">
            <message>
              <![CDATA[Cannot locate element with text: asdfadsf
For documentation on this error, please visit: https://www.seleniumhq.org/exceptions/no_such_element.html
Build info: version: '3.141.59', revision: 'e82be7d358', time: '2018-11-14T08:17:03'
System info: host: 'MICHAELVU-PC', ip: '192.168.1.12', os.name: 'Windows 10', os.arch: 'amd64', os.version: '10.0', java.version: '1.8.0_212'
Driver info: driver.version: unknown]]>
            </message>
            <full-stacktrace>
              <![CDATA[org.openqa.selenium.NoSuchElementException: Cannot locate element with text: asdfadsf
For documentation on this error, please visit: https://www.seleniumhq.org/exceptions/no_such_element.html
Build info: version: '3.141.59', revision: 'e82be7d358', time: '2018-11-14T08:17:03'
System info: host: 'MICHAELVU-PC', ip: '192.168.1.12', os.name: 'Windows 10', os.arch: 'amd64', os.version: '10.0', java.version: '1.8.0_212'
Driver info: driver.version: unknown
at org.openqa.selenium.support.ui.Select.selectByVisibleText(Select.java:147)
at pages.FindMyNextElectionPage.selectStateDropdownOption(FindMyNextElectionPage.java:80)
at functionaltests.FindMyNextElectionPageEnterAddress.fillInOnlyStateField(FindMyNextElectionPageEnterAddress.java:57)
at sun.reflect.NativeMethodAccessorImpl.invoke0(Native Method)
at sun.reflect.NativeMethodAccessorImpl.invoke(Unknown Source)
at sun.reflect.DelegatingMethodAccessorImpl.invoke(Unknown Source)
at java.lang.reflect.Method.invoke(Unknown Source)
at org.testng.internal.MethodInvocationHelper.invokeMethod(MethodInvocationHelper.java:133)
at org.testng.internal.TestInvoker.invokeMethod(TestInvoker.java:584)
at org.testng.internal.TestInvoker.invokeTestMethod(TestInvoker.java:172)
at org.testng.internal.MethodRunner.runInSequence(MethodRunner.java:46)
at org.testng.internal.TestInvoker$MethodInvocationAgent.invoke(TestInvoker.java:804)
at org.testng.internal.TestInvoker.invokeTestMethods(TestInvoker.java:145)
at org.testng.internal.TestMethodWorker.invokeTestMethods(TestMethodWorker.java:146)
at org.testng.internal.TestMethodWorker.run(TestMethodWorker.java:128)
at java.util.ArrayList.forEach(Unknown Source)
at org.testng.TestRunner.privateRun(TestRunner.java:770)
at org.testng.TestRunner.run(TestRunner.java:591)
at org.testng.SuiteRunner.runTest(SuiteRunner.java:402)
at org.testng.SuiteRunner.runSequentially(SuiteRunner.java:396)
at org.testng.SuiteRunner.privateRun(SuiteRunner.java:355)
at org.testng.SuiteRunner.run(SuiteRunner.java:304)
at org.testng.SuiteRunnerWorker.runSuite(SuiteRunnerWorker.java:53)
at org.testng.SuiteRunnerWorker.run(SuiteRunnerWorker.java:96)
at org.testng.TestNG.runSuitesSequentially(TestNG.java:1180)
at org.testng.TestNG.runSuitesLocally(TestNG.java:1102)
at org.testng.TestNG.runSuites(TestNG.java:1032)
at org.testng.TestNG.run(TestNG.java:1000)
at org.testng.remote.AbstractRemoteTestNG.run(AbstractRemoteTestNG.java:115)
at org.testng.remote.RemoteTestNG.initAndRun(RemoteTestNG.java:251)
at org.testng.remote.RemoteTestNG.main(RemoteTestNG.java:77)
]]>
            </full-stacktrace>
          </exception> <!-- org.openqa.selenium.NoSuchElementException -->
          <reporter-output>
          </reporter-output>
        </test-method> <!-- fillInOnlyStateField -->
        <test-method status="PASS" signature="recordFailure(org.testng.ITestResult)[pri:0, instance:functionaltests.FindMyNextElectionPageEnterAddress@3234e239]" name="recordFailure" is-config="true" duration-ms="277" started-at="2019-10-13T19:38:57 EDT" finished-at="2019-10-13T19:38:58 EDT">
          <params>
            <param index="0">
              <value>
                <![CDATA[[TestResult name=fillInOnlyStateField status=FAILURE method=FindMyNextElectionPageEnterAddress.fillInOnlyStateField(java.lang.String, java.lang.String, java.lang.String, java.lang.String, java.lang.String)[pri:0, instance:functionaltests.FindMyNextElectionPageEnterAddress@3234e239] output={null}]]]>
              </value>
            </param>
          </params>
          <reporter-output>
          </reporter-output>
        </test-method> <!-- recordFailure -->
        <test-method status="PASS" signature="gofindMyNextElectionPage()[pri:0, instance:functionaltests.FindMyNextElectionPageEnterAddress@3234e239]" name="gofindMyNextElectionPage" is-config="true" duration-ms="115" started-at="2019-10-13T19:38:58 EDT" finished-at="2019-10-13T19:38:58 EDT">
          <reporter-output>
          </reporter-output>
        </test-method> <!-- gofindMyNextElectionPage -->
        <test-method status="PASS" signature="fillInOnlyStreet2Field(java.lang.String, java.lang.String, java.lang.String, java.lang.String, java.lang.String)[pri:0, instance:functionaltests.FindMyNextElectionPageEnterAddress@3234e239]" name="fillInOnlyStreet2Field" duration-ms="3688" started-at="2019-10-13T19:38:58 EDT" data-provider="statedropdownlist2" finished-at="2019-10-13T19:39:02 EDT">
          <params>
            <param index="0">
              <value>
                <![CDATA[323 18th Street]]>
              </value>
            </param>
            <param index="1">
              <value>
                <![CDATA[Floor 3]]>
              </value>
            </param>
            <param index="2">
              <value>
                <![CDATA[Brooklyn]]>
              </value>
            </param>
            <param index="3">
              <value>
                <![CDATA[NY]]>
              </value>
            </param>
            <param index="4">
              <value>
                <![CDATA[11215-6112]]>
              </value>
            </param>
          </params>
          <reporter-output>
          </reporter-output>
        </test-method> <!-- fillInOnlyStreet2Field -->
        <test-method status="PASS" signature="gofindMyNextElectionPage()[pri:0, instance:functionaltests.FindMyNextElectionPageEnterAddress@3234e239]" name="gofindMyNextElectionPage" is-config="true" duration-ms="90" started-at="2019-10-13T19:39:02 EDT" finished-at="2019-10-13T19:39:02 EDT">
          <reporter-output>
          </reporter-output>
        </test-method> <!-- gofindMyNextElectionPage -->
        <test-method status="PASS" signature="recordFailure(org.testng.ITestResult)[pri:0, instance:functionaltests.FindMyNextElectionPageEnterAddress@3234e239]" name="recordFailure" is-config="true" duration-ms="0" started-at="2019-10-13T19:39:02 EDT" finished-at="2019-10-13T19:39:02 EDT">
          <params>
            <param index="0">
              <value>
                <![CDATA[[TestResult name=fillInOnlyStreet2Field status=SUCCESS method=FindMyNextElectionPageEnterAddress.fillInOnlyStreet2Field(java.lang.String, java.lang.String, java.lang.String, java.lang.String, java.lang.String)[pri:0, instance:functionaltests.FindMyNextElectionPageEnterAddress@3234e239] output={null}]]]>
              </value>
            </param>
          </params>
          <reporter-output>
          </reporter-output>
        </test-method> <!-- recordFailure -->
        <test-method status="PASS" signature="fillInOnlyStreet2Field(java.lang.String, java.lang.String, java.lang.String, java.lang.String, java.lang.String)[pri:0, instance:functionaltests.FindMyNextElectionPageEnterAddress@3234e239]" name="fillInOnlyStreet2Field" duration-ms="3674" started-at="2019-10-13T19:39:02 EDT" data-provider="statedropdownlist2" finished-at="2019-10-13T19:39:05 EDT">
          <params>
            <param index="0">
              <value>
                <![CDATA[asdfadsf]]>
              </value>
            </param>
            <param index="1">
              <value>
                <![CDATA[asdfadsf]]>
              </value>
            </param>
            <param index="2">
              <value>
                <![CDATA[asdfadf]]>
              </value>
            </param>
            <param index="3">
              <value>
                <![CDATA[asdfadsf]]>
              </value>
            </param>
            <param index="4">
              <value>
                <![CDATA[dfafasdf]]>
              </value>
            </param>
          </params>
          <reporter-output>
          </reporter-output>
        </test-method> <!-- fillInOnlyStreet2Field -->
        <test-method status="PASS" signature="recordFailure(org.testng.ITestResult)[pri:0, instance:functionaltests.FindMyNextElectionPageEnterAddress@3234e239]" name="recordFailure" is-config="true" duration-ms="0" started-at="2019-10-13T19:39:05 EDT" finished-at="2019-10-13T19:39:05 EDT">
          <params>
            <param index="0">
              <value>
                <![CDATA[[TestResult name=fillInOnlyStreet2Field status=SUCCESS method=FindMyNextElectionPageEnterAddress.fillInOnlyStreet2Field(java.lang.String, java.lang.String, java.lang.String, java.lang.String, java.lang.String)[pri:0, instance:functionaltests.FindMyNextElectionPageEnterAddress@3234e239] output={null}]]]>
              </value>
            </param>
          </params>
          <reporter-output>
          </reporter-output>
        </test-method> <!-- recordFailure -->
        <test-method status="PASS" signature="gofindMyNextElectionPage()[pri:0, instance:functionaltests.FindMyNextElectionPageEnterAddress@3234e239]" name="gofindMyNextElectionPage" is-config="true" duration-ms="116" started-at="2019-10-13T19:39:05 EDT" finished-at="2019-10-13T19:39:05 EDT">
          <reporter-output>
          </reporter-output>
        </test-method> <!-- gofindMyNextElectionPage -->
        <test-method status="PASS" signature="fillInOnlyStreetField(java.lang.String, java.lang.String, java.lang.String, java.lang.String, java.lang.String)[pri:0, instance:functionaltests.FindMyNextElectionPageEnterAddress@3234e239]" name="fillInOnlyStreetField" duration-ms="3752" started-at="2019-10-13T19:39:05 EDT" data-provider="statedropdownlist2" finished-at="2019-10-13T19:39:09 EDT">
          <params>
            <param index="0">
              <value>
                <![CDATA[323 18th Street]]>
              </value>
            </param>
            <param index="1">
              <value>
                <![CDATA[Floor 3]]>
              </value>
            </param>
            <param index="2">
              <value>
                <![CDATA[Brooklyn]]>
              </value>
            </param>
            <param index="3">
              <value>
                <![CDATA[NY]]>
              </value>
            </param>
            <param index="4">
              <value>
                <![CDATA[11215-6112]]>
              </value>
            </param>
          </params>
          <reporter-output>
          </reporter-output>
        </test-method> <!-- fillInOnlyStreetField -->
        <test-method status="PASS" signature="gofindMyNextElectionPage()[pri:0, instance:functionaltests.FindMyNextElectionPageEnterAddress@3234e239]" name="gofindMyNextElectionPage" is-config="true" duration-ms="114" started-at="2019-10-13T19:39:09 EDT" finished-at="2019-10-13T19:39:09 EDT">
          <reporter-output>
          </reporter-output>
        </test-method> <!-- gofindMyNextElectionPage -->
        <test-method status="PASS" signature="recordFailure(org.testng.ITestResult)[pri:0, instance:functionaltests.FindMyNextElectionPageEnterAddress@3234e239]" name="recordFailure" is-config="true" duration-ms="0" started-at="2019-10-13T19:39:09 EDT" finished-at="2019-10-13T19:39:09 EDT">
          <params>
            <param index="0">
              <value>
                <![CDATA[[TestResult name=fillInOnlyStreetField status=SUCCESS method=FindMyNextElectionPageEnterAddress.fillInOnlyStreetField(java.lang.String, java.lang.String, java.lang.String, java.lang.String, java.lang.String)[pri:0, instance:functionaltests.FindMyNextElectionPageEnterAddress@3234e239] output={null}]]]>
              </value>
            </param>
          </params>
          <reporter-output>
          </reporter-output>
        </test-method> <!-- recordFailure -->
        <test-method status="PASS" signature="fillInOnlyStreetField(java.lang.String, java.lang.String, java.lang.String, java.lang.String, java.lang.String)[pri:0, instance:functionaltests.FindMyNextElectionPageEnterAddress@3234e239]" name="fillInOnlyStreetField" duration-ms="3712" started-at="2019-10-13T19:39:09 EDT" data-provider="statedropdownlist2" finished-at="2019-10-13T19:39:13 EDT">
          <params>
            <param index="0">
              <value>
                <![CDATA[asdfadsf]]>
              </value>
            </param>
            <param index="1">
              <value>
                <![CDATA[asdfadsf]]>
              </value>
            </param>
            <param index="2">
              <value>
                <![CDATA[asdfadf]]>
              </value>
            </param>
            <param index="3">
              <value>
                <![CDATA[asdfadsf]]>
              </value>
            </param>
            <param index="4">
              <value>
                <![CDATA[dfafasdf]]>
              </value>
            </param>
          </params>
          <reporter-output>
          </reporter-output>
        </test-method> <!-- fillInOnlyStreetField -->
        <test-method status="PASS" signature="recordFailure(org.testng.ITestResult)[pri:0, instance:functionaltests.FindMyNextElectionPageEnterAddress@3234e239]" name="recordFailure" is-config="true" duration-ms="1" started-at="2019-10-13T19:39:13 EDT" finished-at="2019-10-13T19:39:13 EDT">
          <params>
            <param index="0">
              <value>
                <![CDATA[[TestResult name=fillInOnlyStreetField status=SUCCESS method=FindMyNextElectionPageEnterAddress.fillInOnlyStreetField(java.lang.String, java.lang.String, java.lang.String, java.lang.String, java.lang.String)[pri:0, instance:functionaltests.FindMyNextElectionPageEnterAddress@3234e239] output={null}]]]>
              </value>
            </param>
          </params>
          <reporter-output>
          </reporter-output>
        </test-method> <!-- recordFailure -->
        <test-method status="PASS" signature="gofindMyNextElectionPage()[pri:0, instance:functionaltests.FindMyNextElectionPageEnterAddress@3234e239]" name="gofindMyNextElectionPage" is-config="true" duration-ms="99" started-at="2019-10-13T19:39:13 EDT" finished-at="2019-10-13T19:39:13 EDT">
          <reporter-output>
          </reporter-output>
        </test-method> <!-- gofindMyNextElectionPage -->
        <test-method status="PASS" signature="fillInOnlyZipField(java.lang.String, java.lang.String, java.lang.String, java.lang.String, java.lang.String)[pri:0, instance:functionaltests.FindMyNextElectionPageEnterAddress@3234e239]" name="fillInOnlyZipField" duration-ms="3690" started-at="2019-10-13T19:39:13 EDT" data-provider="statedropdownlist2" finished-at="2019-10-13T19:39:17 EDT">
          <params>
            <param index="0">
              <value>
                <![CDATA[323 18th Street]]>
              </value>
            </param>
            <param index="1">
              <value>
                <![CDATA[Floor 3]]>
              </value>
            </param>
            <param index="2">
              <value>
                <![CDATA[Brooklyn]]>
              </value>
            </param>
            <param index="3">
              <value>
                <![CDATA[NY]]>
              </value>
            </param>
            <param index="4">
              <value>
                <![CDATA[11215-6112]]>
              </value>
            </param>
          </params>
          <reporter-output>
          </reporter-output>
        </test-method> <!-- fillInOnlyZipField -->
        <test-method status="PASS" signature="recordFailure(org.testng.ITestResult)[pri:0, instance:functionaltests.FindMyNextElectionPageEnterAddress@3234e239]" name="recordFailure" is-config="true" duration-ms="0" started-at="2019-10-13T19:39:17 EDT" finished-at="2019-10-13T19:39:17 EDT">
          <params>
            <param index="0">
              <value>
                <![CDATA[[TestResult name=fillInOnlyZipField status=SUCCESS method=FindMyNextElectionPageEnterAddress.fillInOnlyZipField(java.lang.String, java.lang.String, java.lang.String, java.lang.String, java.lang.String)[pri:0, instance:functionaltests.FindMyNextElectionPageEnterAddress@3234e239] output={null}]]]>
              </value>
            </param>
          </params>
          <reporter-output>
          </reporter-output>
        </test-method> <!-- recordFailure -->
        <test-method status="PASS" signature="gofindMyNextElectionPage()[pri:0, instance:functionaltests.FindMyNextElectionPageEnterAddress@3234e239]" name="gofindMyNextElectionPage" is-config="true" duration-ms="126" started-at="2019-10-13T19:39:17 EDT" finished-at="2019-10-13T19:39:17 EDT">
          <reporter-output>
          </reporter-output>
        </test-method> <!-- gofindMyNextElectionPage -->
        <test-method status="PASS" signature="fillInOnlyZipField(java.lang.String, java.lang.String, java.lang.String, java.lang.String, java.lang.String)[pri:0, instance:functionaltests.FindMyNextElectionPageEnterAddress@3234e239]" name="fillInOnlyZipField" duration-ms="3669" started-at="2019-10-13T19:39:17 EDT" data-provider="statedropdownlist2" finished-at="2019-10-13T19:39:21 EDT">
          <params>
            <param index="0">
              <value>
                <![CDATA[asdfadsf]]>
              </value>
            </param>
            <param index="1">
              <value>
                <![CDATA[asdfadsf]]>
              </value>
            </param>
            <param index="2">
              <value>
                <![CDATA[asdfadf]]>
              </value>
            </param>
            <param index="3">
              <value>
                <![CDATA[asdfadsf]]>
              </value>
            </param>
            <param index="4">
              <value>
                <![CDATA[dfafasdf]]>
              </value>
            </param>
          </params>
          <reporter-output>
          </reporter-output>
        </test-method> <!-- fillInOnlyZipField -->
        <test-method status="PASS" signature="tearDown()[pri:0, instance:functionaltests.FindMyNextElectionPageEnterAddress@3234e239]" name="tearDown" is-config="true" duration-ms="589" started-at="2019-10-13T19:39:21 EDT" finished-at="2019-10-13T19:39:21 EDT">
          <reporter-output>
          </reporter-output>
        </test-method> <!-- tearDown -->
        <test-method status="PASS" signature="recordFailure(org.testng.ITestResult)[pri:0, instance:functionaltests.FindMyNextElectionPageEnterAddress@3234e239]" name="recordFailure" is-config="true" duration-ms="0" started-at="2019-10-13T19:39:21 EDT" finished-at="2019-10-13T19:39:21 EDT">
          <params>
            <param index="0">
              <value>
                <![CDATA[[TestResult name=fillInOnlyZipField status=SUCCESS method=FindMyNextElectionPageEnterAddress.fillInOnlyZipField(java.lang.String, java.lang.String, java.lang.String, java.lang.String, java.lang.String)[pri:0, instance:functionaltests.FindMyNextElectionPageEnterAddress@3234e239] output={null}]]]>
              </value>
            </param>
          </params>
          <reporter-output>
          </reporter-output>
        </test-method> <!-- recordFailure -->
      </class> <!-- functionaltests.FindMyNextElectionPageEnterAddress -->
    </test> <!-- Default test -->
  </suite> <!-- Default suite -->
</testng-results>
